<?xml version="1.0" encoding="UTF-8"?>
<!-- Generated by org.testng.reporters.JUnitXMLReporter -->
<testsuite ignored="0" hostname="Alfins-MacBook-Pro.local" failures="6" tests="27" name="Surefire test" time="4.641" errors="0" timestamp="2022-04-20T00:59:32 EDT">
  <testcase classname="SnmpFilterTest" name="testIfAppPrintsHelpDetails" time="0.046"/>
  <testcase classname="SnmpFilterTest" name="testIfSnmpIsFiltered" time="0.198"/>
  <testcase classname="SnmpFilterTest" name="testIfSnmpIsFiltered" time="0.18"/>
  <testcase classname="SnmpFilterTest" name="testIfSnmpIsFiltered" time="0.209"/>
  <testcase classname="SnmpFilterTest" name="testIfSnmpIsFiltered" time="0.193"/>
  <testcase classname="SnmpFilterTest" name="testIfSnmpIsFiltered" time="0.172"/>
  <testcase classname="SnmpFilterTest" name="testIfSnmpIsFiltered" time="0.195"/>
  <testcase classname="SnmpFilterTest" name="testIfSnmpIsFiltered" time="0.183"/>
  <testcase classname="SnmpFilterTest" name="testIfSnmpIsFiltered" time="0.179"/>
  <testcase classname="SnmpFilterTest" name="testIfSnmpIsFiltered" time="0.169"/>
  <testcase classname="SnmpFilterTest" name="testIfSnmpIsFiltered" time="0.173">
    <failure type="java.lang.AssertionError" message=" Trap is not validated. expected [true] but found [false]">
      <![CDATA[java.lang.AssertionError:  Trap is not validated. expected [true] but found [false]
at SnmpFilterTest.testIfSnmpIsFiltered(SnmpFilterTest.java:30)
at java.base/java.util.ArrayList.forEach(ArrayList.java:1511)
... Removed 34 stack frames]]>
    </failure>
  </testcase> <!-- testIfSnmpIsFiltered -->
  <testcase classname="SnmpFilterTest" name="testIfSnmpIsFiltered" time="0.173">
    <failure type="java.lang.AssertionError" message=" Trap is not validated. expected [true] but found [false]">
      <![CDATA[java.lang.AssertionError:  Trap is not validated. expected [true] but found [false]
at SnmpFilterTest.testIfSnmpIsFiltered(SnmpFilterTest.java:30)
at java.base/java.util.ArrayList.forEach(ArrayList.java:1511)
... Removed 34 stack frames]]>
    </failure>
  </testcase> <!-- testIfSnmpIsFiltered -->
  <testcase classname="SnmpFilterTest" name="testIfSnmpIsFiltered" time="0.171"/>
  <testcase classname="SnmpFilterTest" name="testIfSnmpIsFilteredBasedOnCustomYaml" time="0.171"/>
  <testcase classname="SnmpFilterTest" name="testIfSnmpIsFilteredBasedOnCustomYaml" time="0.176"/>
  <testcase classname="SnmpFilterTest" name="testIfSnmpIsFilteredBasedOnCustomYaml" time="0.175"/>
  <testcase classname="SnmpFilterTest" name="testIfSnmpIsFilteredBasedOnCustomYaml" time="0.172"/>
  <testcase classname="SnmpFilterTest" name="testIfSnmpIsFilteredBasedOnCustomYaml" time="0.172"/>
  <testcase classname="SnmpFilterTest" name="testIfSnmpIsFilteredBasedOnCustomYaml" time="0.173"/>
  <testcase classname="SnmpFilterTest" name="testIfSnmpIsFilteredBasedOnCustomYaml" time="0.169"/>
  <testcase classname="SnmpFilterTest" name="testIfSnmpIsFilteredBasedOnCustomYaml" time="0.172"/>
  <testcase classname="SnmpFilterTest" name="testIfSnmpIsFilteredBasedOnCustomYaml" time="0.179">
    <failure type="java.lang.AssertionError" message=" Trap is not validated. expected [true] but found [false]">
      <![CDATA[java.lang.AssertionError:  Trap is not validated. expected [true] but found [false]
at SnmpFilterTest.testIfSnmpIsFilteredBasedOnCustomYaml(SnmpFilterTest.java:40)
at java.base/java.util.ArrayList.forEach(ArrayList.java:1511)
... Removed 34 stack frames]]>
    </failure>
  </testcase> <!-- testIfSnmpIsFilteredBasedOnCustomYaml -->
  <testcase classname="SnmpFilterTest" name="testIfSnmpIsFilteredBasedOnCustomYaml" time="0.168">
    <failure type="java.lang.AssertionError" message=" Trap is not validated. expected [true] but found [false]">
      <![CDATA[java.lang.AssertionError:  Trap is not validated. expected [true] but found [false]
at SnmpFilterTest.testIfSnmpIsFilteredBasedOnCustomYaml(SnmpFilterTest.java:40)
at java.base/java.util.ArrayList.forEach(ArrayList.java:1511)
... Removed 34 stack frames]]>
    </failure>
  </testcase> <!-- testIfSnmpIsFilteredBasedOnCustomYaml -->
  <testcase classname="SnmpFilterTest" name="testIfSnmpIsFilteredBasedOnCustomYaml" time="0.17">
    <failure type="java.lang.AssertionError" message=" Trap is not validated. expected [true] but found [false]">
      <![CDATA[java.lang.AssertionError:  Trap is not validated. expected [true] but found [false]
at SnmpFilterTest.testIfSnmpIsFilteredBasedOnCustomYaml(SnmpFilterTest.java:40)
at java.base/java.util.ArrayList.forEach(ArrayList.java:1511)
... Removed 34 stack frames]]>
    </failure>
  </testcase> <!-- testIfSnmpIsFilteredBasedOnCustomYaml -->
  <testcase classname="SnmpFilterTest" name="testIfSnmpIsFilteredBasedOnCustomYaml" time="0.172"/>
  <testcase classname="SnmpFilterTest" name="testIfTheApplicationStartFailsWhenEmptyYamlIsProvided" time="0.152">
    <failure type="java.lang.AssertionError" message="expected [true] but found [false]">
      <![CDATA[java.lang.AssertionError: expected [true] but found [false]
at SnmpFilterTest.testIfTheApplicationStartFailsWhenEmptyYamlIsProvided(SnmpFilterTest.java:69)
at java.base/java.util.ArrayList.forEach(ArrayList.java:1511)
... Removed 35 stack frames]]>
    </failure>
  </testcase> <!-- testIfTheApplicationStartFailsWhenEmptyYamlIsProvided -->
  <testcase classname="SnmpFilterTest" name="testIfTheApplicationStartFailsWhenInvalidYamlIsProvided" time="0.137"/>
</testsuite> <!-- Surefire test -->
