-------------------------------------------------------------------------------
Test set: SnmpFilterTest
-------------------------------------------------------------------------------
Tests run: 27, Failures: 6, Errors: 0, Skipped: 0, Time elapsed: 5.402 sec <<< FAILURE! - in SnmpFilterTest
testIfSnmpIsFiltered(SnmpFilterTest)  Time elapsed: 0.18 sec  <<< FAILURE!
java.lang.AssertionError:  Trap is not validated. expected [true] but found [false]
	at SnmpFilterTest.testIfSnmpIsFiltered(SnmpFilterTest.java:30)

testIfSnmpIsFiltered(SnmpFilterTest)  Time elapsed: 0.172 sec  <<< FAILURE!
java.lang.AssertionError:  Trap is not validated. expected [true] but found [false]
	at SnmpFilterTest.testIfSnmpIsFiltered(SnmpFilterTest.java:30)

testIfSnmpIsFilteredBasedOnCustomYaml(SnmpFilterTest)  Time elapsed: 0.179 sec  <<< FAILURE!
java.lang.AssertionError:  Trap is not validated. expected [true] but found [false]
	at SnmpFilterTest.testIfSnmpIsFilteredBasedOnCustomYaml(SnmpFilterTest.java:40)

testIfSnmpIsFilteredBasedOnCustomYaml(SnmpFilterTest)  Time elapsed: 0.169 sec  <<< FAILURE!
java.lang.AssertionError:  Trap is not validated. expected [true] but found [false]
	at SnmpFilterTest.testIfSnmpIsFilteredBasedOnCustomYaml(SnmpFilterTest.java:40)

testIfSnmpIsFilteredBasedOnCustomYaml(SnmpFilterTest)  Time elapsed: 0.171 sec  <<< FAILURE!
java.lang.AssertionError:  Trap is not validated. expected [true] but found [false]
	at SnmpFilterTest.testIfSnmpIsFilteredBasedOnCustomYaml(SnmpFilterTest.java:40)

testIfTheApplicationStartFailsWhenEmptyYamlIsProvided(SnmpFilterTest)  Time elapsed: 0.152 sec  <<< FAILURE!
java.lang.AssertionError: expected [true] but found [false]
	at SnmpFilterTest.testIfTheApplicationStartFailsWhenEmptyYamlIsProvided(SnmpFilterTest.java:69)

