<?xml version="1.0" encoding="UTF-8"?>
<testsuite xmlns:xsi="http://www.w3.org/2001/XMLSchema-instance" xsi:schemaLocation="https://maven.apache.org/surefire/maven-surefire-plugin/xsd/surefire-test-report.xsd" name="SnmpFilterTest" time="5.402" tests="27" errors="0" skipped="0" failures="6">
  <properties>
[...]
</properties>
  <testcase name="testIfAppPrintsHelpDetails" classname="SnmpFilterTest" time="0.046"/>
  <testcase name="testIfSnmpIsFiltered" classname="SnmpFilterTest" time="0.198"/>
  <testcase name="testIfSnmpIsFiltered" classname="SnmpFilterTest" time="0.181"/>
  <testcase name="testIfSnmpIsFiltered" classname="SnmpFilterTest" time="0.209"/>
  <testcase name="testIfSnmpIsFiltered" classname="SnmpFilterTest" time="0.192"/>
  <testcase name="testIfSnmpIsFiltered" classname="SnmpFilterTest" time="0.171"/>
  <testcase name="testIfSnmpIsFiltered" classname="SnmpFilterTest" time="0.194"/>
  <testcase name="testIfSnmpIsFiltered" classname="SnmpFilterTest" time="0.183"/>
  <testcase name="testIfSnmpIsFiltered" classname="SnmpFilterTest" time="0.179"/>
  <testcase name="testIfSnmpIsFiltered" classname="SnmpFilterTest" time="0.17"/>
  <testcase name="testIfSnmpIsFiltered" classname="SnmpFilterTest" time="0.18">
    <failure message=" Trap is not validated. expected [true] but found [false]" type="java.lang.AssertionError">java.lang.AssertionError:  Trap is not validated. expected [true] but found [false]
	at SnmpFilterTest.testIfSnmpIsFiltered(SnmpFilterTest.java:30)
</failure>
    <system-out><![CDATA[ :) :) :) :) :) :) :)
Enter an OID to process.
Enter 'quit' to exit at any time.


.9943.234: false

Exiting. Exception: No line found
]]></system-out>
  </testcase>
  <testcase name="testIfSnmpIsFiltered" classname="SnmpFilterTest" time="0.172">
    <failure message=" Trap is not validated. expected [true] but found [false]" type="java.lang.AssertionError">java.lang.AssertionError:  Trap is not validated. expected [true] but found [false]
	at SnmpFilterTest.testIfSnmpIsFiltered(SnmpFilterTest.java:30)
</failure>
    <system-out><![CDATA[:(    :(      :(
Enter an OID to process.
Enter 'quit' to exit at any time.


.1.234.10.20: false

Exiting. Exception: No line found
]]></system-out>
  </testcase>
  <testcase name="testIfSnmpIsFiltered" classname="SnmpFilterTest" time="0.17"/>
  <testcase name="testIfSnmpIsFilteredBasedOnCustomYaml" classname="SnmpFilterTest" time="0.171"/>
  <testcase name="testIfSnmpIsFilteredBasedOnCustomYaml" classname="SnmpFilterTest" time="0.177"/>
  <testcase name="testIfSnmpIsFilteredBasedOnCustomYaml" classname="SnmpFilterTest" time="0.175"/>
  <testcase name="testIfSnmpIsFilteredBasedOnCustomYaml" classname="SnmpFilterTest" time="0.172"/>
  <testcase name="testIfSnmpIsFilteredBasedOnCustomYaml" classname="SnmpFilterTest" time="0.173"/>
  <testcase name="testIfSnmpIsFilteredBasedOnCustomYaml" classname="SnmpFilterTest" time="0.173"/>
  <testcase name="testIfSnmpIsFilteredBasedOnCustomYaml" classname="SnmpFilterTest" time="0.17"/>
  <testcase name="testIfSnmpIsFilteredBasedOnCustomYaml" classname="SnmpFilterTest" time="0.172"/>
  <testcase name="testIfSnmpIsFilteredBasedOnCustomYaml" classname="SnmpFilterTest" time="0.179">
    <failure message=" Trap is not validated. expected [true] but found [false]" type="java.lang.AssertionError">java.lang.AssertionError:  Trap is not validated. expected [true] but found [false]
	at SnmpFilterTest.testIfSnmpIsFilteredBasedOnCustomYaml(SnmpFilterTest.java:40)
</failure>
    <system-out><![CDATA[ :) :) :) :) :) :) :)
$$$$$$$File$$$$$ - /Users/alfinsamuel/Documents/TestTarget/snmpTest.yaml
Enter an OID to process.
Enter 'quit' to exit at any time.


.2.4.6.1.4.1.9.10.137.0.1.23.23.23.4.5: false

Exiting. Exception: No line found
]]></system-out>
  </testcase>
  <testcase name="testIfSnmpIsFilteredBasedOnCustomYaml" classname="SnmpFilterTest" time="0.169">
    <failure message=" Trap is not validated. expected [true] but found [false]" type="java.lang.AssertionError">java.lang.AssertionError:  Trap is not validated. expected [true] but found [false]
	at SnmpFilterTest.testIfSnmpIsFilteredBasedOnCustomYaml(SnmpFilterTest.java:40)
</failure>
    <system-out><![CDATA[:(    :(      :(
$$$$$$$File$$$$$ - /Users/alfinsamuel/Documents/TestTarget/snmpTest.yaml
Enter an OID to process.
Enter 'quit' to exit at any time.


.9943.234: false

Exiting. Exception: No line found
]]></system-out>
  </testcase>
  <testcase name="testIfSnmpIsFilteredBasedOnCustomYaml" classname="SnmpFilterTest" time="0.171">
    <failure message=" Trap is not validated. expected [true] but found [false]" type="java.lang.AssertionError">java.lang.AssertionError:  Trap is not validated. expected [true] but found [false]
	at SnmpFilterTest.testIfSnmpIsFilteredBasedOnCustomYaml(SnmpFilterTest.java:40)
</failure>
    <system-out><![CDATA[:(    :(      :(
$$$$$$$File$$$$$ - /Users/alfinsamuel/Documents/TestTarget/snmpTest.yaml
Enter an OID to process.
Enter 'quit' to exit at any time.


.1.234.10.20: false

Exiting. Exception: No line found
]]></system-out>
  </testcase>
  <testcase name="testIfSnmpIsFilteredBasedOnCustomYaml" classname="SnmpFilterTest" time="0.172"/>
  <testcase name="testIfTheApplicationStartFailsWhenEmptyYamlIsProvided" classname="SnmpFilterTest" time="0.152">
    <failure message="expected [true] but found [false]" type="java.lang.AssertionError">java.lang.AssertionError: expected [true] but found [false]
	at SnmpFilterTest.testIfTheApplicationStartFailsWhenEmptyYamlIsProvided(SnmpFilterTest.java:69)
</failure>
    <system-out><![CDATA[ :) :) :) :) :) :) :)
$$$$$$$File$$$$$ - /Users/alfinsamuel/Documents/TestTarget/snmpTestEmptyList.yaml
Error: Loader: no oids defined under key 'trap-type-oid-prefix'
]]></system-out>
  </testcase>
  <testcase name="testIfTheApplicationStartFailsWhenInvalidYamlIsProvided" classname="SnmpFilterTest" time="0.137"/>
</testsuite>