<?xml version="1.0" encoding="UTF-8"?>
<testng-results ignored="0" total="27" passed="21" failed="6" skipped="0">
  <reporter-output>
  </reporter-output>
  <suite started-at="2022-04-20T00:59:27 EDT" name="Surefire suite" finished-at="2022-04-20T00:59:32 EDT" duration-ms="4641">
    <groups>
    </groups>
    <test started-at="2022-04-20T00:59:27 EDT" name="Surefire test" finished-at="2022-04-20T00:59:32 EDT" duration-ms="4641">
      <class name="SnmpFilterTest">
        <test-method signature="testIfAppPrintsHelpDetails()[pri:0, instance:SnmpFilterTest@6cd24612]" started-at="2022-04-20T00:59:27 EDT" name="testIfAppPrintsHelpDetails" finished-at="2022-04-20T00:59:27 EDT" duration-ms="46" status="PASS">
          <reporter-output>
          </reporter-output>
        </test-method> <!-- testIfAppPrintsHelpDetails -->
        <test-method signature="testIfSnmpIsFiltered(java.lang.String,java.lang.String)[pri:0, instance:SnmpFilterTest@6cd24612]" started-at="2022-04-20T00:59:27 EDT" name="testIfSnmpIsFiltered" data-provider="data-provider" finished-at="2022-04-20T00:59:27 EDT" duration-ms="198" status="PASS">
          <params>
            <param index="0">
              <value>
                <![CDATA[.1.3.6.1.4.1.9.9.117.2.0.1]]>
              </value>
            </param>
            <param index="1">
              <value>
                <![CDATA[true]]>
              </value>
            </param>
          </params>
          <reporter-output>
          </reporter-output>
        </test-method> <!-- testIfSnmpIsFiltered -->
        <test-method signature="testIfSnmpIsFiltered(java.lang.String,java.lang.String)[pri:0, instance:SnmpFilterTest@6cd24612]" started-at="2022-04-20T00:59:27 EDT" name="testIfSnmpIsFiltered" data-provider="data-provider" finished-at="2022-04-20T00:59:27 EDT" duration-ms="180" status="PASS">
          <params>
            <param index="0">
              <value>
                <![CDATA[.1.3.6.1.2.1.10.55]]>
              </value>
            </param>
            <param index="1">
              <value>
                <![CDATA[false]]>
              </value>
            </param>
          </params>
          <reporter-output>
          </reporter-output>
        </test-method> <!-- testIfSnmpIsFiltered -->
        <test-method signature="testIfSnmpIsFiltered(java.lang.String,java.lang.String)[pri:0, instance:SnmpFilterTest@6cd24612]" started-at="2022-04-20T00:59:27 EDT" name="testIfSnmpIsFiltered" data-provider="data-provider" finished-at="2022-04-20T00:59:28 EDT" duration-ms="209" status="PASS">
          <params>
            <param index="0">
              <value>
                <![CDATA[.1.3.6.10]]>
              </value>
            </param>
            <param index="1">
              <value>
                <![CDATA[false]]>
              </value>
            </param>
          </params>
          <reporter-output>
          </reporter-output>
        </test-method> <!-- testIfSnmpIsFiltered -->
        <test-method signature="testIfSnmpIsFiltered(java.lang.String,java.lang.String)[pri:0, instance:SnmpFilterTest@6cd24612]" started-at="2022-04-20T00:59:28 EDT" name="testIfSnmpIsFiltered" data-provider="data-provider" finished-at="2022-04-20T00:59:28 EDT" duration-ms="193" status="PASS">
          <params>
            <param index="0">
              <value>
                <![CDATA[asadasa]]>
              </value>
            </param>
            <param index="1">
              <value>
                <![CDATA[invalid]]>
              </value>
            </param>
          </params>
          <reporter-output>
          </reporter-output>
        </test-method> <!-- testIfSnmpIsFiltered -->
        <test-method signature="testIfSnmpIsFiltered(java.lang.String,java.lang.String)[pri:0, instance:SnmpFilterTest@6cd24612]" started-at="2022-04-20T00:59:28 EDT" name="testIfSnmpIsFiltered" data-provider="data-provider" finished-at="2022-04-20T00:59:28 EDT" duration-ms="172" status="PASS">
          <params>
            <param index="0">
              <value>
                <![CDATA[quit]]>
              </value>
            </param>
            <param index="1">
              <value>
                <![CDATA[Exiting]]>
              </value>
            </param>
          </params>
          <reporter-output>
          </reporter-output>
        </test-method> <!-- testIfSnmpIsFiltered -->
        <test-method signature="testIfSnmpIsFiltered(java.lang.String,java.lang.String)[pri:0, instance:SnmpFilterTest@6cd24612]" started-at="2022-04-20T00:59:28 EDT" name="testIfSnmpIsFiltered" data-provider="data-provider" finished-at="2022-04-20T00:59:28 EDT" duration-ms="195" status="PASS">
          <params>
            <param index="0">
              <value>
                <![CDATA[.1.3.6.1.4.1.9.10.137.0.1.2147483647]]>
              </value>
            </param>
            <param index="1">
              <value>
                <![CDATA[true]]>
              </value>
            </param>
          </params>
          <reporter-output>
          </reporter-output>
        </test-method> <!-- testIfSnmpIsFiltered -->
        <test-method signature="testIfSnmpIsFiltered(java.lang.String,java.lang.String)[pri:0, instance:SnmpFilterTest@6cd24612]" started-at="2022-04-20T00:59:28 EDT" name="testIfSnmpIsFiltered" data-provider="data-provider" finished-at="2022-04-20T00:59:28 EDT" duration-ms="183" status="PASS">
          <params>
            <param index="0">
              <value>
                <![CDATA[.1.3.6.1.4.1.9.10.137.0.1.23.23.23.2.32]]>
              </value>
            </param>
            <param index="1">
              <value>
                <![CDATA[true]]>
              </value>
            </param>
          </params>
          <reporter-output>
          </reporter-output>
        </test-method> <!-- testIfSnmpIsFiltered -->
        <test-method signature="testIfSnmpIsFiltered(java.lang.String,java.lang.String)[pri:0, instance:SnmpFilterTest@6cd24612]" started-at="2022-04-20T00:59:28 EDT" name="testIfSnmpIsFiltered" data-provider="data-provider" finished-at="2022-04-20T00:59:29 EDT" duration-ms="179" status="PASS">
          <params>
            <param index="0">
              <value>
                <![CDATA[.1.3.6.1.4.1.9.10.137.0.1.23.23.23.45]]>
              </value>
            </param>
            <param index="1">
              <value>
                <![CDATA[true]]>
              </value>
            </param>
          </params>
          <reporter-output>
          </reporter-output>
        </test-method> <!-- testIfSnmpIsFiltered -->
        <test-method signature="testIfSnmpIsFiltered(java.lang.String,java.lang.String)[pri:0, instance:SnmpFilterTest@6cd24612]" started-at="2022-04-20T00:59:29 EDT" name="testIfSnmpIsFiltered" data-provider="data-provider" finished-at="2022-04-20T00:59:29 EDT" duration-ms="169" status="PASS">
          <params>
            <param index="0">
              <value>
                <![CDATA[.2.4.6.1.4.1.9.10.137.0.1.23.23.23.4.5]]>
              </value>
            </param>
            <param index="1">
              <value>
                <![CDATA[true]]>
              </value>
            </param>
          </params>
          <reporter-output>
          </reporter-output>
        </test-method> <!-- testIfSnmpIsFiltered -->
        <test-method signature="testIfSnmpIsFiltered(java.lang.String,java.lang.String)[pri:0, instance:SnmpFilterTest@6cd24612]" started-at="2022-04-20T00:59:29 EDT" name="testIfSnmpIsFiltered" data-provider="data-provider" finished-at="2022-04-20T00:59:29 EDT" duration-ms="173" status="FAIL">
          <params>
            <param index="0">
              <value>
                <![CDATA[.9943.234]]>
              </value>
            </param>
            <param index="1">
              <value>
                <![CDATA[true]]>
              </value>
            </param>
          </params>
          <exception class="java.lang.AssertionError">
            <message>
              <![CDATA[ Trap is not validated. expected [true] but found [false]]]>
            </message>
            <full-stacktrace>
              <![CDATA[java.lang.AssertionError:  Trap is not validated. expected [true] but found [false]
at org.testng.Assert.fail(Assert.java:110)
at org.testng.Assert.failNotEquals(Assert.java:1413)
at org.testng.Assert.assertTrue(Assert.java:56)
at SnmpFilterTest.testIfSnmpIsFiltered(SnmpFilterTest.java:30)
at java.base/jdk.internal.reflect.NativeMethodAccessorImpl.invoke0(Native Method)
at java.base/jdk.internal.reflect.NativeMethodAccessorImpl.invoke(NativeMethodAccessorImpl.java:64)
at java.base/jdk.internal.reflect.DelegatingMethodAccessorImpl.invoke(DelegatingMethodAccessorImpl.java:43)
at java.base/java.lang.reflect.Method.invoke(Method.java:564)
at org.testng.internal.invokers.MethodInvocationHelper.invokeMethod(MethodInvocationHelper.java:135)
at org.testng.internal.invokers.TestInvoker.invokeMethod(TestInvoker.java:673)
at org.testng.internal.invokers.TestInvoker.invokeTestMethod(TestInvoker.java:220)
at org.testng.internal.invokers.MethodRunner.runInSequence(MethodRunner.java:50)
at org.testng.internal.invokers.TestInvoker$MethodInvocationAgent.invoke(TestInvoker.java:945)
at org.testng.internal.invokers.TestInvoker.invokeTestMethods(TestInvoker.java:193)
at org.testng.internal.invokers.TestMethodWorker.invokeTestMethods(TestMethodWorker.java:146)
at org.testng.internal.invokers.TestMethodWorker.run(TestMethodWorker.java:128)
at java.base/java.util.ArrayList.forEach(ArrayList.java:1511)
at org.testng.TestRunner.privateRun(TestRunner.java:808)
at org.testng.TestRunner.run(TestRunner.java:603)
at org.testng.SuiteRunner.runTest(SuiteRunner.java:429)
at org.testng.SuiteRunner.runSequentially(SuiteRunner.java:423)
at org.testng.SuiteRunner.privateRun(SuiteRunner.java:383)
at org.testng.SuiteRunner.run(SuiteRunner.java:326)
at org.testng.SuiteRunnerWorker.runSuite(SuiteRunnerWorker.java:52)
at org.testng.SuiteRunnerWorker.run(SuiteRunnerWorker.java:95)
at org.testng.TestNG.runSuitesSequentially(TestNG.java:1249)
at org.testng.TestNG.runSuitesLocally(TestNG.java:1169)
at org.testng.TestNG.runSuites(TestNG.java:1092)
at org.testng.TestNG.run(TestNG.java:1060)
at org.apache.maven.surefire.testng.TestNGExecutor.run(TestNGExecutor.java:132)
at org.apache.maven.surefire.testng.TestNGDirectoryTestSuite.executeSingleClass(TestNGDirectoryTestSuite.java:112)
at org.apache.maven.surefire.testng.TestNGDirectoryTestSuite.execute(TestNGDirectoryTestSuite.java:99)
at org.apache.maven.surefire.testng.TestNGProvider.invoke(TestNGProvider.java:147)
at org.apache.maven.surefire.booter.ForkedBooter.invokeProviderInSameClassLoader(ForkedBooter.java:290)
at org.apache.maven.surefire.booter.ForkedBooter.runSuitesInProcess(ForkedBooter.java:242)
at org.apache.maven.surefire.booter.ForkedBooter.main(ForkedBooter.java:121)
]]>
            </full-stacktrace>
          </exception> <!-- java.lang.AssertionError -->
          <reporter-output>
          </reporter-output>
        </test-method> <!-- testIfSnmpIsFiltered -->
        <test-method signature="testIfSnmpIsFiltered(java.lang.String,java.lang.String)[pri:0, instance:SnmpFilterTest@6cd24612]" started-at="2022-04-20T00:59:29 EDT" name="testIfSnmpIsFiltered" data-provider="data-provider" finished-at="2022-04-20T00:59:29 EDT" duration-ms="173" status="FAIL">
          <params>
            <param index="0">
              <value>
                <![CDATA[.1.234.10.20]]>
              </value>
            </param>
            <param index="1">
              <value>
                <![CDATA[true]]>
              </value>
            </param>
          </params>
          <exception class="java.lang.AssertionError">
            <message>
              <![CDATA[ Trap is not validated. expected [true] but found [false]]]>
            </message>
            <full-stacktrace>
              <![CDATA[java.lang.AssertionError:  Trap is not validated. expected [true] but found [false]
at org.testng.Assert.fail(Assert.java:110)
at org.testng.Assert.failNotEquals(Assert.java:1413)
at org.testng.Assert.assertTrue(Assert.java:56)
at SnmpFilterTest.testIfSnmpIsFiltered(SnmpFilterTest.java:30)
at java.base/jdk.internal.reflect.NativeMethodAccessorImpl.invoke0(Native Method)
at java.base/jdk.internal.reflect.NativeMethodAccessorImpl.invoke(NativeMethodAccessorImpl.java:64)
at java.base/jdk.internal.reflect.DelegatingMethodAccessorImpl.invoke(DelegatingMethodAccessorImpl.java:43)
at java.base/java.lang.reflect.Method.invoke(Method.java:564)
at org.testng.internal.invokers.MethodInvocationHelper.invokeMethod(MethodInvocationHelper.java:135)
at org.testng.internal.invokers.TestInvoker.invokeMethod(TestInvoker.java:673)
at org.testng.internal.invokers.TestInvoker.invokeTestMethod(TestInvoker.java:220)
at org.testng.internal.invokers.MethodRunner.runInSequence(MethodRunner.java:50)
at org.testng.internal.invokers.TestInvoker$MethodInvocationAgent.invoke(TestInvoker.java:945)
at org.testng.internal.invokers.TestInvoker.invokeTestMethods(TestInvoker.java:193)
at org.testng.internal.invokers.TestMethodWorker.invokeTestMethods(TestMethodWorker.java:146)
at org.testng.internal.invokers.TestMethodWorker.run(TestMethodWorker.java:128)
at java.base/java.util.ArrayList.forEach(ArrayList.java:1511)
at org.testng.TestRunner.privateRun(TestRunner.java:808)
at org.testng.TestRunner.run(TestRunner.java:603)
at org.testng.SuiteRunner.runTest(SuiteRunner.java:429)
at org.testng.SuiteRunner.runSequentially(SuiteRunner.java:423)
at org.testng.SuiteRunner.privateRun(SuiteRunner.java:383)
at org.testng.SuiteRunner.run(SuiteRunner.java:326)
at org.testng.SuiteRunnerWorker.runSuite(SuiteRunnerWorker.java:52)
at org.testng.SuiteRunnerWorker.run(SuiteRunnerWorker.java:95)
at org.testng.TestNG.runSuitesSequentially(TestNG.java:1249)
at org.testng.TestNG.runSuitesLocally(TestNG.java:1169)
at org.testng.TestNG.runSuites(TestNG.java:1092)
at org.testng.TestNG.run(TestNG.java:1060)
at org.apache.maven.surefire.testng.TestNGExecutor.run(TestNGExecutor.java:132)
at org.apache.maven.surefire.testng.TestNGDirectoryTestSuite.executeSingleClass(TestNGDirectoryTestSuite.java:112)
at org.apache.maven.surefire.testng.TestNGDirectoryTestSuite.execute(TestNGDirectoryTestSuite.java:99)
at org.apache.maven.surefire.testng.TestNGProvider.invoke(TestNGProvider.java:147)
at org.apache.maven.surefire.booter.ForkedBooter.invokeProviderInSameClassLoader(ForkedBooter.java:290)
at org.apache.maven.surefire.booter.ForkedBooter.runSuitesInProcess(ForkedBooter.java:242)
at org.apache.maven.surefire.booter.ForkedBooter.main(ForkedBooter.java:121)
]]>
            </full-stacktrace>
          </exception> <!-- java.lang.AssertionError -->
          <reporter-output>
          </reporter-output>
        </test-method> <!-- testIfSnmpIsFiltered -->
        <test-method signature="testIfSnmpIsFiltered(java.lang.String,java.lang.String)[pri:0, instance:SnmpFilterTest@6cd24612]" started-at="2022-04-20T00:59:29 EDT" name="testIfSnmpIsFiltered" data-provider="data-provider" finished-at="2022-04-20T00:59:29 EDT" duration-ms="171" status="PASS">
          <params>
            <param index="0">
              <value>
                <![CDATA[.2.4.6.1.4.1.9.10.137.0.1.23.23.23.4.2.4.6.1.4.1.9.10.137.0.1.23.23.23.4.2.4.6.1.4.1.9.10.137.0.1.23.23.23.4.2.4.6.1.4.1.9.10.137.0.1.23.23.23.4.34]]>
              </value>
            </param>
            <param index="1">
              <value>
                <![CDATA[true]]>
              </value>
            </param>
          </params>
          <reporter-output>
          </reporter-output>
        </test-method> <!-- testIfSnmpIsFiltered -->
        <test-method signature="testIfSnmpIsFilteredBasedOnCustomYaml(java.lang.String,java.lang.String)[pri:0, instance:SnmpFilterTest@6cd24612]" started-at="2022-04-20T00:59:29 EDT" name="testIfSnmpIsFilteredBasedOnCustomYaml" data-provider="data-provider" finished-at="2022-04-20T00:59:29 EDT" duration-ms="171" status="PASS">
          <params>
            <param index="0">
              <value>
                <![CDATA[.1.3.6.1.4.1.9.9.117.2.0.1]]>
              </value>
            </param>
            <param index="1">
              <value>
                <![CDATA[true]]>
              </value>
            </param>
          </params>
          <reporter-output>
          </reporter-output>
        </test-method> <!-- testIfSnmpIsFilteredBasedOnCustomYaml -->
        <test-method signature="testIfSnmpIsFilteredBasedOnCustomYaml(java.lang.String,java.lang.String)[pri:0, instance:SnmpFilterTest@6cd24612]" started-at="2022-04-20T00:59:29 EDT" name="testIfSnmpIsFilteredBasedOnCustomYaml" data-provider="data-provider" finished-at="2022-04-20T00:59:30 EDT" duration-ms="176" status="PASS">
          <params>
            <param index="0">
              <value>
                <![CDATA[.1.3.6.1.2.1.10.55]]>
              </value>
            </param>
            <param index="1">
              <value>
                <![CDATA[false]]>
              </value>
            </param>
          </params>
          <reporter-output>
          </reporter-output>
        </test-method> <!-- testIfSnmpIsFilteredBasedOnCustomYaml -->
        <test-method signature="testIfSnmpIsFilteredBasedOnCustomYaml(java.lang.String,java.lang.String)[pri:0, instance:SnmpFilterTest@6cd24612]" started-at="2022-04-20T00:59:30 EDT" name="testIfSnmpIsFilteredBasedOnCustomYaml" data-provider="data-provider" finished-at="2022-04-20T00:59:30 EDT" duration-ms="175" status="PASS">
          <params>
            <param index="0">
              <value>
                <![CDATA[.1.3.6.10]]>
              </value>
            </param>
            <param index="1">
              <value>
                <![CDATA[false]]>
              </value>
            </param>
          </params>
          <reporter-output>
          </reporter-output>
        </test-method> <!-- testIfSnmpIsFilteredBasedOnCustomYaml -->
        <test-method signature="testIfSnmpIsFilteredBasedOnCustomYaml(java.lang.String,java.lang.String)[pri:0, instance:SnmpFilterTest@6cd24612]" started-at="2022-04-20T00:59:30 EDT" name="testIfSnmpIsFilteredBasedOnCustomYaml" data-provider="data-provider" finished-at="2022-04-20T00:59:30 EDT" duration-ms="172" status="PASS">
          <params>
            <param index="0">
              <value>
                <![CDATA[asadasa]]>
              </value>
            </param>
            <param index="1">
              <value>
                <![CDATA[invalid]]>
              </value>
            </param>
          </params>
          <reporter-output>
          </reporter-output>
        </test-method> <!-- testIfSnmpIsFilteredBasedOnCustomYaml -->
        <test-method signature="testIfSnmpIsFilteredBasedOnCustomYaml(java.lang.String,java.lang.String)[pri:0, instance:SnmpFilterTest@6cd24612]" started-at="2022-04-20T00:59:30 EDT" name="testIfSnmpIsFilteredBasedOnCustomYaml" data-provider="data-provider" finished-at="2022-04-20T00:59:30 EDT" duration-ms="172" status="PASS">
          <params>
            <param index="0">
              <value>
                <![CDATA[quit]]>
              </value>
            </param>
            <param index="1">
              <value>
                <![CDATA[Exiting]]>
              </value>
            </param>
          </params>
          <reporter-output>
          </reporter-output>
        </test-method> <!-- testIfSnmpIsFilteredBasedOnCustomYaml -->
        <test-method signature="testIfSnmpIsFilteredBasedOnCustomYaml(java.lang.String,java.lang.String)[pri:0, instance:SnmpFilterTest@6cd24612]" started-at="2022-04-20T00:59:30 EDT" name="testIfSnmpIsFilteredBasedOnCustomYaml" data-provider="data-provider" finished-at="2022-04-20T00:59:30 EDT" duration-ms="173" status="PASS">
          <params>
            <param index="0">
              <value>
                <![CDATA[.1.3.6.1.4.1.9.10.137.0.1.2147483647]]>
              </value>
            </param>
            <param index="1">
              <value>
                <![CDATA[true]]>
              </value>
            </param>
          </params>
          <reporter-output>
          </reporter-output>
        </test-method> <!-- testIfSnmpIsFilteredBasedOnCustomYaml -->
        <test-method signature="testIfSnmpIsFilteredBasedOnCustomYaml(java.lang.String,java.lang.String)[pri:0, instance:SnmpFilterTest@6cd24612]" started-at="2022-04-20T00:59:30 EDT" name="testIfSnmpIsFilteredBasedOnCustomYaml" data-provider="data-provider" finished-at="2022-04-20T00:59:30 EDT" duration-ms="169" status="PASS">
          <params>
            <param index="0">
              <value>
                <![CDATA[.1.3.6.1.4.1.9.10.137.0.1.23.23.23.2.32]]>
              </value>
            </param>
            <param index="1">
              <value>
                <![CDATA[true]]>
              </value>
            </param>
          </params>
          <reporter-output>
          </reporter-output>
        </test-method> <!-- testIfSnmpIsFilteredBasedOnCustomYaml -->
        <test-method signature="testIfSnmpIsFilteredBasedOnCustomYaml(java.lang.String,java.lang.String)[pri:0, instance:SnmpFilterTest@6cd24612]" started-at="2022-04-20T00:59:30 EDT" name="testIfSnmpIsFilteredBasedOnCustomYaml" data-provider="data-provider" finished-at="2022-04-20T00:59:31 EDT" duration-ms="172" status="PASS">
          <params>
            <param index="0">
              <value>
                <![CDATA[.1.3.6.1.4.1.9.10.137.0.1.23.23.23.45]]>
              </value>
            </param>
            <param index="1">
              <value>
                <![CDATA[true]]>
              </value>
            </param>
          </params>
          <reporter-output>
          </reporter-output>
        </test-method> <!-- testIfSnmpIsFilteredBasedOnCustomYaml -->
        <test-method signature="testIfSnmpIsFilteredBasedOnCustomYaml(java.lang.String,java.lang.String)[pri:0, instance:SnmpFilterTest@6cd24612]" started-at="2022-04-20T00:59:31 EDT" name="testIfSnmpIsFilteredBasedOnCustomYaml" data-provider="data-provider" finished-at="2022-04-20T00:59:31 EDT" duration-ms="179" status="FAIL">
          <params>
            <param index="0">
              <value>
                <![CDATA[.2.4.6.1.4.1.9.10.137.0.1.23.23.23.4.5]]>
              </value>
            </param>
            <param index="1">
              <value>
                <![CDATA[true]]>
              </value>
            </param>
          </params>
          <exception class="java.lang.AssertionError">
            <message>
              <![CDATA[ Trap is not validated. expected [true] but found [false]]]>
            </message>
            <full-stacktrace>
              <![CDATA[java.lang.AssertionError:  Trap is not validated. expected [true] but found [false]
at org.testng.Assert.fail(Assert.java:110)
at org.testng.Assert.failNotEquals(Assert.java:1413)
at org.testng.Assert.assertTrue(Assert.java:56)
at SnmpFilterTest.testIfSnmpIsFilteredBasedOnCustomYaml(SnmpFilterTest.java:40)
at java.base/jdk.internal.reflect.NativeMethodAccessorImpl.invoke0(Native Method)
at java.base/jdk.internal.reflect.NativeMethodAccessorImpl.invoke(NativeMethodAccessorImpl.java:64)
at java.base/jdk.internal.reflect.DelegatingMethodAccessorImpl.invoke(DelegatingMethodAccessorImpl.java:43)
at java.base/java.lang.reflect.Method.invoke(Method.java:564)
at org.testng.internal.invokers.MethodInvocationHelper.invokeMethod(MethodInvocationHelper.java:135)
at org.testng.internal.invokers.TestInvoker.invokeMethod(TestInvoker.java:673)
at org.testng.internal.invokers.TestInvoker.invokeTestMethod(TestInvoker.java:220)
at org.testng.internal.invokers.MethodRunner.runInSequence(MethodRunner.java:50)
at org.testng.internal.invokers.TestInvoker$MethodInvocationAgent.invoke(TestInvoker.java:945)
at org.testng.internal.invokers.TestInvoker.invokeTestMethods(TestInvoker.java:193)
at org.testng.internal.invokers.TestMethodWorker.invokeTestMethods(TestMethodWorker.java:146)
at org.testng.internal.invokers.TestMethodWorker.run(TestMethodWorker.java:128)
at java.base/java.util.ArrayList.forEach(ArrayList.java:1511)
at org.testng.TestRunner.privateRun(TestRunner.java:808)
at org.testng.TestRunner.run(TestRunner.java:603)
at org.testng.SuiteRunner.runTest(SuiteRunner.java:429)
at org.testng.SuiteRunner.runSequentially(SuiteRunner.java:423)
at org.testng.SuiteRunner.privateRun(SuiteRunner.java:383)
at org.testng.SuiteRunner.run(SuiteRunner.java:326)
at org.testng.SuiteRunnerWorker.runSuite(SuiteRunnerWorker.java:52)
at org.testng.SuiteRunnerWorker.run(SuiteRunnerWorker.java:95)
at org.testng.TestNG.runSuitesSequentially(TestNG.java:1249)
at org.testng.TestNG.runSuitesLocally(TestNG.java:1169)
at org.testng.TestNG.runSuites(TestNG.java:1092)
at org.testng.TestNG.run(TestNG.java:1060)
at org.apache.maven.surefire.testng.TestNGExecutor.run(TestNGExecutor.java:132)
at org.apache.maven.surefire.testng.TestNGDirectoryTestSuite.executeSingleClass(TestNGDirectoryTestSuite.java:112)
at org.apache.maven.surefire.testng.TestNGDirectoryTestSuite.execute(TestNGDirectoryTestSuite.java:99)
at org.apache.maven.surefire.testng.TestNGProvider.invoke(TestNGProvider.java:147)
at org.apache.maven.surefire.booter.ForkedBooter.invokeProviderInSameClassLoader(ForkedBooter.java:290)
at org.apache.maven.surefire.booter.ForkedBooter.runSuitesInProcess(ForkedBooter.java:242)
at org.apache.maven.surefire.booter.ForkedBooter.main(ForkedBooter.java:121)
]]>
            </full-stacktrace>
          </exception> <!-- java.lang.AssertionError -->
          <reporter-output>
          </reporter-output>
        </test-method> <!-- testIfSnmpIsFilteredBasedOnCustomYaml -->
        <test-method signature="testIfSnmpIsFilteredBasedOnCustomYaml(java.lang.String,java.lang.String)[pri:0, instance:SnmpFilterTest@6cd24612]" started-at="2022-04-20T00:59:31 EDT" name="testIfSnmpIsFilteredBasedOnCustomYaml" data-provider="data-provider" finished-at="2022-04-20T00:59:31 EDT" duration-ms="168" status="FAIL">
          <params>
            <param index="0">
              <value>
                <![CDATA[.9943.234]]>
              </value>
            </param>
            <param index="1">
              <value>
                <![CDATA[true]]>
              </value>
            </param>
          </params>
          <exception class="java.lang.AssertionError">
            <message>
              <![CDATA[ Trap is not validated. expected [true] but found [false]]]>
            </message>
            <full-stacktrace>
              <![CDATA[java.lang.AssertionError:  Trap is not validated. expected [true] but found [false]
at org.testng.Assert.fail(Assert.java:110)
at org.testng.Assert.failNotEquals(Assert.java:1413)
at org.testng.Assert.assertTrue(Assert.java:56)
at SnmpFilterTest.testIfSnmpIsFilteredBasedOnCustomYaml(SnmpFilterTest.java:40)
at java.base/jdk.internal.reflect.NativeMethodAccessorImpl.invoke0(Native Method)
at java.base/jdk.internal.reflect.NativeMethodAccessorImpl.invoke(NativeMethodAccessorImpl.java:64)
at java.base/jdk.internal.reflect.DelegatingMethodAccessorImpl.invoke(DelegatingMethodAccessorImpl.java:43)
at java.base/java.lang.reflect.Method.invoke(Method.java:564)
at org.testng.internal.invokers.MethodInvocationHelper.invokeMethod(MethodInvocationHelper.java:135)
at org.testng.internal.invokers.TestInvoker.invokeMethod(TestInvoker.java:673)
at org.testng.internal.invokers.TestInvoker.invokeTestMethod(TestInvoker.java:220)
at org.testng.internal.invokers.MethodRunner.runInSequence(MethodRunner.java:50)
at org.testng.internal.invokers.TestInvoker$MethodInvocationAgent.invoke(TestInvoker.java:945)
at org.testng.internal.invokers.TestInvoker.invokeTestMethods(TestInvoker.java:193)
at org.testng.internal.invokers.TestMethodWorker.invokeTestMethods(TestMethodWorker.java:146)
at org.testng.internal.invokers.TestMethodWorker.run(TestMethodWorker.java:128)
at java.base/java.util.ArrayList.forEach(ArrayList.java:1511)
at org.testng.TestRunner.privateRun(TestRunner.java:808)
at org.testng.TestRunner.run(TestRunner.java:603)
at org.testng.SuiteRunner.runTest(SuiteRunner.java:429)
at org.testng.SuiteRunner.runSequentially(SuiteRunner.java:423)
at org.testng.SuiteRunner.privateRun(SuiteRunner.java:383)
at org.testng.SuiteRunner.run(SuiteRunner.java:326)
at org.testng.SuiteRunnerWorker.runSuite(SuiteRunnerWorker.java:52)
at org.testng.SuiteRunnerWorker.run(SuiteRunnerWorker.java:95)
at org.testng.TestNG.runSuitesSequentially(TestNG.java:1249)
at org.testng.TestNG.runSuitesLocally(TestNG.java:1169)
at org.testng.TestNG.runSuites(TestNG.java:1092)
at org.testng.TestNG.run(TestNG.java:1060)
at org.apache.maven.surefire.testng.TestNGExecutor.run(TestNGExecutor.java:132)
at org.apache.maven.surefire.testng.TestNGDirectoryTestSuite.executeSingleClass(TestNGDirectoryTestSuite.java:112)
at org.apache.maven.surefire.testng.TestNGDirectoryTestSuite.execute(TestNGDirectoryTestSuite.java:99)
at org.apache.maven.surefire.testng.TestNGProvider.invoke(TestNGProvider.java:147)
at org.apache.maven.surefire.booter.ForkedBooter.invokeProviderInSameClassLoader(ForkedBooter.java:290)
at org.apache.maven.surefire.booter.ForkedBooter.runSuitesInProcess(ForkedBooter.java:242)
at org.apache.maven.surefire.booter.ForkedBooter.main(ForkedBooter.java:121)
]]>
            </full-stacktrace>
          </exception> <!-- java.lang.AssertionError -->
          <reporter-output>
          </reporter-output>
        </test-method> <!-- testIfSnmpIsFilteredBasedOnCustomYaml -->
        <test-method signature="testIfSnmpIsFilteredBasedOnCustomYaml(java.lang.String,java.lang.String)[pri:0, instance:SnmpFilterTest@6cd24612]" started-at="2022-04-20T00:59:31 EDT" name="testIfSnmpIsFilteredBasedOnCustomYaml" data-provider="data-provider" finished-at="2022-04-20T00:59:31 EDT" duration-ms="170" status="FAIL">
          <params>
            <param index="0">
              <value>
                <![CDATA[.1.234.10.20]]>
              </value>
            </param>
            <param index="1">
              <value>
                <![CDATA[true]]>
              </value>
            </param>
          </params>
          <exception class="java.lang.AssertionError">
            <message>
              <![CDATA[ Trap is not validated. expected [true] but found [false]]]>
            </message>
            <full-stacktrace>
              <![CDATA[java.lang.AssertionError:  Trap is not validated. expected [true] but found [false]
at org.testng.Assert.fail(Assert.java:110)
at org.testng.Assert.failNotEquals(Assert.java:1413)
at org.testng.Assert.assertTrue(Assert.java:56)
at SnmpFilterTest.testIfSnmpIsFilteredBasedOnCustomYaml(SnmpFilterTest.java:40)
at java.base/jdk.internal.reflect.NativeMethodAccessorImpl.invoke0(Native Method)
at java.base/jdk.internal.reflect.NativeMethodAccessorImpl.invoke(NativeMethodAccessorImpl.java:64)
at java.base/jdk.internal.reflect.DelegatingMethodAccessorImpl.invoke(DelegatingMethodAccessorImpl.java:43)
at java.base/java.lang.reflect.Method.invoke(Method.java:564)
at org.testng.internal.invokers.MethodInvocationHelper.invokeMethod(MethodInvocationHelper.java:135)
at org.testng.internal.invokers.TestInvoker.invokeMethod(TestInvoker.java:673)
at org.testng.internal.invokers.TestInvoker.invokeTestMethod(TestInvoker.java:220)
at org.testng.internal.invokers.MethodRunner.runInSequence(MethodRunner.java:50)
at org.testng.internal.invokers.TestInvoker$MethodInvocationAgent.invoke(TestInvoker.java:945)
at org.testng.internal.invokers.TestInvoker.invokeTestMethods(TestInvoker.java:193)
at org.testng.internal.invokers.TestMethodWorker.invokeTestMethods(TestMethodWorker.java:146)
at org.testng.internal.invokers.TestMethodWorker.run(TestMethodWorker.java:128)
at java.base/java.util.ArrayList.forEach(ArrayList.java:1511)
at org.testng.TestRunner.privateRun(TestRunner.java:808)
at org.testng.TestRunner.run(TestRunner.java:603)
at org.testng.SuiteRunner.runTest(SuiteRunner.java:429)
at org.testng.SuiteRunner.runSequentially(SuiteRunner.java:423)
at org.testng.SuiteRunner.privateRun(SuiteRunner.java:383)
at org.testng.SuiteRunner.run(SuiteRunner.java:326)
at org.testng.SuiteRunnerWorker.runSuite(SuiteRunnerWorker.java:52)
at org.testng.SuiteRunnerWorker.run(SuiteRunnerWorker.java:95)
at org.testng.TestNG.runSuitesSequentially(TestNG.java:1249)
at org.testng.TestNG.runSuitesLocally(TestNG.java:1169)
at org.testng.TestNG.runSuites(TestNG.java:1092)
at org.testng.TestNG.run(TestNG.java:1060)
at org.apache.maven.surefire.testng.TestNGExecutor.run(TestNGExecutor.java:132)
at org.apache.maven.surefire.testng.TestNGDirectoryTestSuite.executeSingleClass(TestNGDirectoryTestSuite.java:112)
at org.apache.maven.surefire.testng.TestNGDirectoryTestSuite.execute(TestNGDirectoryTestSuite.java:99)
at org.apache.maven.surefire.testng.TestNGProvider.invoke(TestNGProvider.java:147)
at org.apache.maven.surefire.booter.ForkedBooter.invokeProviderInSameClassLoader(ForkedBooter.java:290)
at org.apache.maven.surefire.booter.ForkedBooter.runSuitesInProcess(ForkedBooter.java:242)
at org.apache.maven.surefire.booter.ForkedBooter.main(ForkedBooter.java:121)
]]>
            </full-stacktrace>
          </exception> <!-- java.lang.AssertionError -->
          <reporter-output>
          </reporter-output>
        </test-method> <!-- testIfSnmpIsFilteredBasedOnCustomYaml -->
        <test-method signature="testIfSnmpIsFilteredBasedOnCustomYaml(java.lang.String,java.lang.String)[pri:0, instance:SnmpFilterTest@6cd24612]" started-at="2022-04-20T00:59:31 EDT" name="testIfSnmpIsFilteredBasedOnCustomYaml" data-provider="data-provider" finished-at="2022-04-20T00:59:31 EDT" duration-ms="172" status="PASS">
          <params>
            <param index="0">
              <value>
                <![CDATA[.2.4.6.1.4.1.9.10.137.0.1.23.23.23.4.2.4.6.1.4.1.9.10.137.0.1.23.23.23.4.2.4.6.1.4.1.9.10.137.0.1.23.23.23.4.2.4.6.1.4.1.9.10.137.0.1.23.23.23.4.34]]>
              </value>
            </param>
            <param index="1">
              <value>
                <![CDATA[true]]>
              </value>
            </param>
          </params>
          <reporter-output>
          </reporter-output>
        </test-method> <!-- testIfSnmpIsFilteredBasedOnCustomYaml -->
        <test-method signature="testIfTheApplicationStartFailsWhenEmptyYamlIsProvided()[pri:0, instance:SnmpFilterTest@6cd24612]" started-at="2022-04-20T00:59:31 EDT" name="testIfTheApplicationStartFailsWhenEmptyYamlIsProvided" finished-at="2022-04-20T00:59:31 EDT" duration-ms="152" status="FAIL">
          <exception class="java.lang.AssertionError">
            <message>
              <![CDATA[expected [true] but found [false]]]>
            </message>
            <full-stacktrace>
              <![CDATA[java.lang.AssertionError: expected [true] but found [false]
at org.testng.Assert.fail(Assert.java:110)
at org.testng.Assert.failNotEquals(Assert.java:1413)
at org.testng.Assert.assertTrue(Assert.java:56)
at org.testng.Assert.assertTrue(Assert.java:66)
at SnmpFilterTest.testIfTheApplicationStartFailsWhenEmptyYamlIsProvided(SnmpFilterTest.java:69)
at java.base/jdk.internal.reflect.NativeMethodAccessorImpl.invoke0(Native Method)
at java.base/jdk.internal.reflect.NativeMethodAccessorImpl.invoke(NativeMethodAccessorImpl.java:64)
at java.base/jdk.internal.reflect.DelegatingMethodAccessorImpl.invoke(DelegatingMethodAccessorImpl.java:43)
at java.base/java.lang.reflect.Method.invoke(Method.java:564)
at org.testng.internal.invokers.MethodInvocationHelper.invokeMethod(MethodInvocationHelper.java:135)
at org.testng.internal.invokers.TestInvoker.invokeMethod(TestInvoker.java:673)
at org.testng.internal.invokers.TestInvoker.invokeTestMethod(TestInvoker.java:220)
at org.testng.internal.invokers.MethodRunner.runInSequence(MethodRunner.java:50)
at org.testng.internal.invokers.TestInvoker$MethodInvocationAgent.invoke(TestInvoker.java:945)
at org.testng.internal.invokers.TestInvoker.invokeTestMethods(TestInvoker.java:193)
at org.testng.internal.invokers.TestMethodWorker.invokeTestMethods(TestMethodWorker.java:146)
at org.testng.internal.invokers.TestMethodWorker.run(TestMethodWorker.java:128)
at java.base/java.util.ArrayList.forEach(ArrayList.java:1511)
at org.testng.TestRunner.privateRun(TestRunner.java:808)
at org.testng.TestRunner.run(TestRunner.java:603)
at org.testng.SuiteRunner.runTest(SuiteRunner.java:429)
at org.testng.SuiteRunner.runSequentially(SuiteRunner.java:423)
at org.testng.SuiteRunner.privateRun(SuiteRunner.java:383)
at org.testng.SuiteRunner.run(SuiteRunner.java:326)
at org.testng.SuiteRunnerWorker.runSuite(SuiteRunnerWorker.java:52)
at org.testng.SuiteRunnerWorker.run(SuiteRunnerWorker.java:95)
at org.testng.TestNG.runSuitesSequentially(TestNG.java:1249)
at org.testng.TestNG.runSuitesLocally(TestNG.java:1169)
at org.testng.TestNG.runSuites(TestNG.java:1092)
at org.testng.TestNG.run(TestNG.java:1060)
at org.apache.maven.surefire.testng.TestNGExecutor.run(TestNGExecutor.java:132)
at org.apache.maven.surefire.testng.TestNGDirectoryTestSuite.executeSingleClass(TestNGDirectoryTestSuite.java:112)
at org.apache.maven.surefire.testng.TestNGDirectoryTestSuite.execute(TestNGDirectoryTestSuite.java:99)
at org.apache.maven.surefire.testng.TestNGProvider.invoke(TestNGProvider.java:147)
at org.apache.maven.surefire.booter.ForkedBooter.invokeProviderInSameClassLoader(ForkedBooter.java:290)
at org.apache.maven.surefire.booter.ForkedBooter.runSuitesInProcess(ForkedBooter.java:242)
at org.apache.maven.surefire.booter.ForkedBooter.main(ForkedBooter.java:121)
]]>
            </full-stacktrace>
          </exception> <!-- java.lang.AssertionError -->
          <reporter-output>
          </reporter-output>
        </test-method> <!-- testIfTheApplicationStartFailsWhenEmptyYamlIsProvided -->
        <test-method signature="testIfTheApplicationStartFailsWhenInvalidYamlIsProvided()[pri:0, instance:SnmpFilterTest@6cd24612]" started-at="2022-04-20T00:59:31 EDT" name="testIfTheApplicationStartFailsWhenInvalidYamlIsProvided" finished-at="2022-04-20T00:59:32 EDT" duration-ms="137" status="PASS">
          <reporter-output>
          </reporter-output>
        </test-method> <!-- testIfTheApplicationStartFailsWhenInvalidYamlIsProvided -->
      </class> <!-- SnmpFilterTest -->
    </test> <!-- Surefire test -->
  </suite> <!-- Surefire suite -->
</testng-results>
